<?xml version="1.0" encoding="UTF-8"?>
<!-- Generated by org.testng.reporters.JUnitXMLReporter -->
<testsuite ignored="0" hostname="KANINI-LTP-552" failures="0" tests="3" name="Default test" time="15.129" errors="0" timestamp="2025-03-08T12:55:19 IST">
  <testcase classname="dataDriven.dataProvider" name="Login" time="4.849"/>
  <testcase classname="dataDriven.dataProvider" name="Login" time="4.759"/>
  <testcase classname="dataDriven.dataProvider" name="Login" time="4.576"/>
</testsuite> <!-- Default test -->
