<?xml version="1.0" encoding="UTF-8"?>
<testng-results ignored="0" total="3" passed="3" failed="0" skipped="0">
  <reporter-output>
  </reporter-output>
  <suite started-at="2025-03-08T12:55:04 IST" name="Default suite" finished-at="2025-03-08T12:55:19 IST" duration-ms="15129">
    <groups>
    </groups>
    <test started-at="2025-03-08T12:55:04 IST" name="Default test" finished-at="2025-03-08T12:55:19 IST" duration-ms="15129">
      <class name="dataDriven.dataProvider">
        <test-method signature="Login([Ljava.lang.String;)[pri:0, instance:dataDriven.dataProvider@13526e59]" started-at="2025-03-08T12:55:05 IST" name="Login" data-provider="login" finished-at="2025-03-08T12:55:10 IST" duration-ms="4849" status="PASS">
          <params>
            <param index="0">
              <value>
                <![CDATA[[Ljava.lang.String;@705a8dbc]]>
              </value>
            </param>
          </params>
          <reporter-output>
          </reporter-output>
        </test-method> <!-- Login -->
        <test-method signature="Login([Ljava.lang.String;)[pri:0, instance:dataDriven.dataProvider@13526e59]" started-at="2025-03-08T12:55:10 IST" name="Login" data-provider="login" finished-at="2025-03-08T12:55:15 IST" duration-ms="4759" status="PASS">
          <params>
            <param index="0">
              <value>
                <![CDATA[[Ljava.lang.String;@40729f01]]>
              </value>
            </param>
          </params>
          <reporter-output>
          </reporter-output>
        </test-method> <!-- Login -->
        <test-method signature="Login([Ljava.lang.String;)[pri:0, instance:dataDriven.dataProvider@13526e59]" started-at="2025-03-08T12:55:15 IST" name="Login" data-provider="login" finished-at="2025-03-08T12:55:19 IST" duration-ms="4576" status="PASS">
          <params>
            <param index="0">
              <value>
                <![CDATA[[Ljava.lang.String;@756aadfc]]>
              </value>
            </param>
          </params>
          <reporter-output>
          </reporter-output>
        </test-method> <!-- Login -->
      </class> <!-- dataDriven.dataProvider -->
    </test> <!-- Default test -->
  </suite> <!-- Default suite -->
</testng-results>
